<?xml version="1.0" encoding="utf-8"?><testsuites name="pytest tests"><testsuite name="pytest" errors="0" failures="0" skipped="0" tests="10" time="6.096" timestamp="2026-03-18T02:21:52.137649+00:00" hostname="agent-env-a52f1f08-4aa1-4655-a67b-e86e5093d2ae"><testcase classname="backend.tests.test_browse_links_api.TestBrowseLinksPublicEndpoints" name="test_get_browse_links_all" time="0.281" /><testcase classname="backend.tests.test_browse_links_api.TestBrowseLinksPublicEndpoints" name="test_get_browse_links_by_category" time="0.288" /><testcase classname="backend.tests.test_browse_links_api.TestBrowseLinksPublicEndpoints" name="test_get_browse_links_by_category_and_subcategory" time="0.181" /><testcase classname="backend.tests.test_browse_links_api.TestBrowseLinksAdminEndpoints" name="test_get_admin_browse_links" time="0.573" /><testcase classname="backend.tests.test_browse_links_api.TestBrowseLinksAdminEndpoints" name="test_create_browse_link" time="0.845" /><testcase classname="backend.tests.test_browse_links_api.TestBrowseLinksAdminEndpoints" name="test_update_browse_link" time="0.851" /><testcase classname="backend.tests.test_browse_links_api.TestBrowseLinksAdminEndpoints" name="test_delete_browse_link" time="0.844" /><testcase classname="backend.tests.test_browse_links_api.TestBrowseLinksAdminEndpoints" name="test_toggle_browse_link_active" time="1.107" /><testcase classname="backend.tests.test_browse_links_api.TestBrowseLinksAdminEndpoints" name="test_browse_link_not_found" time="0.690" /><testcase classname="backend.tests.test_browse_links_api.TestBrowseLinksAdminEndpoints" name="test_admin_endpoints_require_auth" time="0.260" /></testsuite></testsuites>