<?xml version="1.0" encoding="utf-8"?><testsuites name="pytest tests"><testsuite name="pytest" errors="0" failures="0" skipped="0" tests="21" time="7.464" timestamp="2026-03-15T09:35:37.791761+00:00" hostname="agent-env-a52f1f08-4aa1-4655-a67b-e86e5093d2ae"><testcase classname="backend.tests.test_deal_automator_api.TestPublicEndpoints" name="test_get_categories" time="0.132" /><testcase classname="backend.tests.test_deal_automator_api.TestPublicEndpoints" name="test_get_platforms" time="0.117" /><testcase classname="backend.tests.test_deal_automator_api.TestPublicEndpoints" name="test_get_deals" time="0.104" /><testcase classname="backend.tests.test_deal_automator_api.TestPublicEndpoints" name="test_get_deals_with_category_filter" time="0.194" /><testcase classname="backend.tests.test_deal_automator_api.TestPublicEndpoints" name="test_get_deals_with_discount_filter" time="0.109" /><testcase classname="backend.tests.test_deal_automator_api.TestPublicEndpoints" name="test_get_subcategories" time="0.102" /><testcase classname="backend.tests.test_deal_automator_api.TestPublicEndpoints" name="test_deal_highlights_best_today" time="0.100" /><testcase classname="backend.tests.test_deal_automator_api.TestPublicEndpoints" name="test_deal_highlights_lightning" time="0.100" /><testcase classname="backend.tests.test_deal_automator_api.TestAuthEndpoints" name="test_login_success" time="0.344" /><testcase classname="backend.tests.test_deal_automator_api.TestAuthEndpoints" name="test_login_invalid_credentials" time="0.336" /><testcase classname="backend.tests.test_deal_automator_api.TestAuthEndpoints" name="test_auth_verify" time="0.421" /><testcase classname="backend.tests.test_deal_automator_api.TestSuggestionsEndpoints" name="test_create_suggestion" time="0.097" /><testcase classname="backend.tests.test_deal_automator_api.TestSuggestionsEndpoints" name="test_get_admin_suggestions" time="0.420" /><testcase classname="backend.tests.test_deal_automator_api.TestAdminPlatformsEndpoints" name="test_get_admin_platforms" time="0.418" /><testcase classname="backend.tests.test_deal_automator_api.TestAdminPlatformsEndpoints" name="test_create_and_delete_platform" time="0.948" /><testcase classname="backend.tests.test_deal_automator_api.TestAdminScraperSettings" name="test_get_scraper_settings" time="0.433" /><testcase classname="backend.tests.test_deal_automator_api.TestAdminScraperSettings" name="test_update_scraper_settings" time="0.623" /><testcase classname="backend.tests.test_deal_automator_api.TestAdminDealsEndpoints" name="test_get_admin_deals" time="0.430" /><testcase classname="backend.tests.test_deal_automator_api.TestAdminDealsEndpoints" name="test_create_update_delete_deal" time="0.719" /><testcase classname="backend.tests.test_deal_automator_api.TestAdminDealsEndpoints" name="test_bulk_delete_endpoint" time="0.708" /><testcase classname="backend.tests.test_deal_automator_api.TestAnalyticsEndpoints" name="test_dashboard_analytics" time="0.431" /></testsuite></testsuites>